====Browser Session Started in Chrome====
====Browser Session Started in Chrome====
====Browser Session Started in Chrome====
====Browser Session Started in Chrome====
====Browser Session Started in Chrome====
====Browser Session Started in Chrome====
====Browser Session Started in Chrome====
====Browser Session Started in Chrome====
====Browser Session Started in Chrome====
====Browser Session Started in Chrome====
====Browser Session Started in Chrome====
====Browser Session Started in Chrome====
=====Application Started=====
=====Browser Session End=====
====Browser Session Started in Chrome====
=====Application Started=====
=====Browser Session End=====
====Browser Session Started in Chrome====
=====Application Started=====
=====Browser Session End=====
====Browser Session Started in Chrome====
=====Application Started=====
====Browser Session Started in Chrome====
=====Application Started=====
=====Browser Session End=====
====Browser Session Started in Chrome====
=====Application Started=====
=====Browser Session End=====
====Browser Session Started in Chrome====
=====Application Started=====
=====Browser Session End=====
====Browser Session Started in Chrome====
=====Application Started=====
=====Browser Session End=====
====Browser Session Started in Chrome====
=====Application Started=====
=====Browser Session End=====
====Browser Session Started in Chrome====
====Browser Session Started in Chrome====
====Browser Session Started in Chrome====
====Browser Session Started in Chrome====
=====Application Started=====
=====Browser Session End=====
====Browser Session Started in Chrome====
=====Application Started=====
=====Browser Session End=====
====Browser Session Started in Chrome====
=====Application Started=====
=====Browser Session End=====
====Browser Session Started in Chrome====
=====Application Started=====
=====Browser Session End=====
====Browser Session Started in Chrome====
=====Application Started=====
=====Browser Session End=====
====Browser Session Started in Chrome====
=====Application Started=====
=====Browser Session End=====
====Browser Session Started in Chrome====
=====Application Started=====
=====Browser Session End=====
====Browser Session Started in Chrome====
=====Application Started=====
=====Browser Session End=====
====Browser Session Started in Chrome====
=====Application Started=====
====Browser Session Started in Chrome====
=====Application Started=====
====Browser Session Started in Chrome====
=====Application Started=====
=====Browser Session End=====
====Browser Session Started in Chrome====
=====Application Started=====
=====Browser Session End=====
====Browser Session Started in Chrome====
=====Application Started=====
=====Browser Session End=====
====Browser Session Started in Chrome====
=====Application Started=====
=====Browser Session End=====
====Browser Session Started in Chrome====
=====Application Started=====
====Browser Session Started in Chrome====
=====Application Started=====
=====Browser Session End=====
====Browser Session Started in Chrome====
=====Application Started=====
=====Browser Session End=====
====Browser Session Started in Chrome====
=====Application Started=====
=====Browser Session End=====
====Browser Session Started in Chrome====
=====Application Started=====
=====Browser Session End=====
====Browser Session Started in Chrome====
=====Application Started=====
=====Browser Session End=====
====Browser Session Started in Chrome====
=====Application Started=====
=====Browser Session End=====
====Browser Session Started in firefox====
=====Application Started=====
=====Browser Session End=====
====Browser Session Started in firefox====
=====Application Started=====
=====Browser Session End=====
Reading Config File
====Browser Session Started in firefox====
Reading Config File
====Browser Session Started in Chrome====
=====Application Started=====
Reading Config File
Fetching the path of the CXV to read
Fetching the path of the CXV to read
=====Browser Session End=====
Reading Config File
====Browser Session Started in Chrome====
=====Application Started=====
Reading Config File
Fetching the path of the CXV to read
Fetching the path of the CXV to read
=====Browser Session End=====
Reading Config File
====Browser Session Started in Chrome====
=====Application Started=====
Reading Config File
Fetching the path of the CXV to read
=====Browser Session End=====
